# JRE version: Java(TM) SE Runtime Environment (21.0.4+8) (build 21.0.4+8-LTS-274)
# Java VM: Java HotSpot(TM) 64-Bit Server VM (21.0.4+8-LTS-274, mixed mode, sharing, tiered, compressed oops, compressed class ptrs, parallel gc, windows-amd64)
GC Precious Log:
 CardTable entry size: 512
 CPUs: 12 total, 12 available
 Memory: 16052M
 Large Page Support: Disabled
 NUMA Support: Disabled
 Compressed Oops: Enabled (Zero based)
 Alignments: Space 512K, Generation 512K, Heap 2M
 Heap Min Capacity: 8M
 Heap Initial Capacity: 252M
 Heap Max Capacity: 4G
 Pre-touch: Disabled
 Parallel Workers: 10
Heap:
 PSYoungGen      total 688128K, used 146569K [0x00000007aab00000, 0x00000007eaa80000, 0x0000000800000000)
  eden space 541184K, 27% used [0x00000007aab00000,0x00000007b3a225a8,0x00000007cbb80000)
  from space 146944K, 0% used [0x00000007d8900000,0x00000007d8900000,0x00000007e1880000)
  to   space 210432K, 0% used [0x00000007cbb80000,0x00000007cbb80000,0x00000007d8900000)
 ParOldGen       total 620544K, used 259038K [0x0000000700000000, 0x0000000725e00000, 0x00000007aab00000)
  object space 620544K, 41% used [0x0000000700000000,0x000000070fcf7910,0x0000000725e00000)
 Metaspace       used 192278K, committed 195776K, reserved 1048576K
  class space    used 25729K, committed 27392K, reserved 851968K
GC Heap History (20 events):
Event: 312.010 GC heap before
{Heap before GC invocations=26 (full 6):
 PSYoungGen      total 480768K, used 351744K [0x00000007aab00000, 0x00000007d4380000, 0x0000000800000000)
  eden space 351744K, 100% used [0x00000007aab00000,0x00000007c0280000,0x00000007c0280000)
  from space 129024K, 0% used [0x00000007c0280000,0x00000007c0280000,0x00000007c8080000)
  to   space 129024K, 0% used [0x00000007cc580000,0x00000007cc580000,0x00000007d4380000)
 ParOldGen       total 590336K, used 349870K [0x0000000700000000, 0x0000000724080000, 0x00000007aab00000)
  object space 590336K, 59% used [0x0000000700000000,0x00000007155ab9e0,0x0000000724080000)
 Metaspace       used 122307K, committed 125056K, reserved 983040K
  class space    used 16369K, committed 17728K, reserved 851968K
}
Event: 312.164 GC heap after
{Heap after GC invocations=26 (full 6):
 PSYoungGen      total 515584K, used 44976K [0x00000007aab00000, 0x00000007d2a00000, 0x0000000800000000)
  eden space 412672K, 0% used [0x00000007aab00000,0x00000007aab00000,0x00000007c3e00000)
  from space 102912K, 43% used [0x00000007cc580000,0x00000007cf16c030,0x00000007d2a00000)
  to   space 120832K, 0% used [0x00000007c3e00000,0x00000007c3e00000,0x00000007cb400000)
 ParOldGen       total 590336K, used 349878K [0x0000000700000000, 0x0000000724080000, 0x00000007aab00000)
  object space 590336K, 59% used [0x0000000700000000,0x00000007155ad9e0,0x0000000724080000)
 Metaspace       used 122307K, committed 125056K, reserved 983040K
  class space    used 16369K, committed 17728K, reserved 851968K
}
Event: 316.164 GC heap before
{Heap before GC invocations=27 (full 6):
 PSYoungGen      total 515584K, used 450133K [0x00000007aab00000, 0x00000007d2a00000, 0x0000000800000000)
  eden space 412672K, 98% used [0x00000007aab00000,0x00000007c36a95f0,0x00000007c3e00000)
  from space 102912K, 43% used [0x00000007cc580000,0x00000007cf16c030,0x00000007d2a00000)
  to   space 120832K, 0% used [0x00000007c3e00000,0x00000007c3e00000,0x00000007cb400000)
 ParOldGen       total 590336K, used 358422K [0x0000000700000000, 0x0000000724080000, 0x00000007aab00000)
  object space 590336K, 60% used [0x0000000700000000,0x0000000715e05af8,0x0000000724080000)
 Metaspace       used 122474K, committed 125184K, reserved 983040K
  class space    used 16376K, committed 17728K, reserved 851968K
}
Event: 316.378 GC heap after
{Heap after GC invocations=27 (full 6):
 PSYoungGen      total 533504K, used 120803K [0x00000007aab00000, 0x00000007db300000, 0x0000000800000000)
  eden space 412672K, 0% used [0x00000007aab00000,0x00000007aab00000,0x00000007c3e00000)
  from space 120832K, 99% used [0x00000007c3e00000,0x00000007cb3f8e78,0x00000007cb400000)
  to   space 190976K, 0% used [0x00000007cf880000,0x00000007cf880000,0x00000007db300000)
 ParOldGen       total 590336K, used 493033K [0x0000000700000000, 0x0000000724080000, 0x00000007aab00000)
  object space 590336K, 83% used [0x0000000700000000,0x000000071e17a558,0x0000000724080000)
 Metaspace       used 122474K, committed 125184K, reserved 983040K
  class space    used 16376K, committed 17728K, reserved 851968K
}
Event: 316.378 GC heap before
{Heap before GC invocations=28 (full 7):
 PSYoungGen      total 533504K, used 120803K [0x00000007aab00000, 0x00000007db300000, 0x0000000800000000)
  eden space 412672K, 0% used [0x00000007aab00000,0x00000007aab00000,0x00000007c3e00000)
  from space 120832K, 99% used [0x00000007c3e00000,0x00000007cb3f8e78,0x00000007cb400000)
  to   space 190976K, 0% used [0x00000007cf880000,0x00000007cf880000,0x00000007db300000)
 ParOldGen       total 590336K, used 493033K [0x0000000700000000, 0x0000000724080000, 0x00000007aab00000)
  object space 590336K, 83% used [0x0000000700000000,0x000000071e17a558,0x0000000724080000)
 Metaspace       used 122474K, committed 125184K, reserved 983040K
  class space    used 16376K, committed 17728K, reserved 851968K
}
Event: 317.475 GC heap after
{Heap after GC invocations=28 (full 7):
 PSYoungGen      total 603648K, used 0K [0x00000007aab00000, 0x00000007e1700000, 0x0000000800000000)
  eden space 412672K, 0% used [0x00000007aab00000,0x00000007aab00000,0x00000007c3e00000)
  from space 190976K, 0% used [0x00000007cf880000,0x00000007cf880000,0x00000007db300000)
  to   space 190976K, 0% used [0x00000007c3e00000,0x00000007c3e00000,0x00000007cf880000)
 ParOldGen       total 620544K, used 307108K [0x0000000700000000, 0x0000000725e00000, 0x00000007aab00000)
  object space 620544K, 49% used [0x0000000700000000,0x0000000712be93b0,0x0000000725e00000)
 Metaspace       used 122474K, committed 125184K, reserved 983040K
  class space    used 16376K, committed 17728K, reserved 851968K
}
Event: 468.925 GC heap before
{Heap before GC invocations=29 (full 7):
 PSYoungGen      total 603648K, used 412672K [0x00000007aab00000, 0x00000007e1700000, 0x0000000800000000)
  eden space 412672K, 100% used [0x00000007aab00000,0x00000007c3e00000,0x00000007c3e00000)
  from space 190976K, 0% used [0x00000007cf880000,0x00000007cf880000,0x00000007db300000)
  to   space 190976K, 0% used [0x00000007c3e00000,0x00000007c3e00000,0x00000007cf880000)
 ParOldGen       total 620544K, used 307114K [0x0000000700000000, 0x0000000725e00000, 0x00000007aab00000)
  object space 620544K, 49% used [0x0000000700000000,0x0000000712bea830,0x0000000725e00000)
 Metaspace       used 129896K, committed 132672K, reserved 983040K
  class space    used 17397K, committed 18752K, reserved 851968K
}
Event: 469.194 GC heap after
{Heap after GC invocations=29 (full 7):
 PSYoungGen      total 603648K, used 68284K [0x00000007aab00000, 0x00000007df480000, 0x0000000800000000)
  eden space 412672K, 0% used [0x00000007aab00000,0x00000007aab00000,0x00000007c3e00000)
  from space 190976K, 35% used [0x00000007c3e00000,0x00000007c80af0b8,0x00000007cf880000)
  to   space 178688K, 0% used [0x00000007d4600000,0x00000007d4600000,0x00000007df480000)
 ParOldGen       total 620544K, used 307122K [0x0000000700000000, 0x0000000725e00000, 0x00000007aab00000)
  object space 620544K, 49% used [0x0000000700000000,0x0000000712bec830,0x0000000725e00000)
 Metaspace       used 129896K, committed 132672K, reserved 983040K
  class space    used 17397K, committed 18752K, reserved 851968K
}
Event: 476.949 GC heap before
{Heap before GC invocations=30 (full 7):
 PSYoungGen      total 603648K, used 480956K [0x00000007aab00000, 0x00000007df480000, 0x0000000800000000)
  eden space 412672K, 100% used [0x00000007aab00000,0x00000007c3e00000,0x00000007c3e00000)
  from space 190976K, 35% used [0x00000007c3e00000,0x00000007c80af0b8,0x00000007cf880000)
  to   space 178688K, 0% used [0x00000007d4600000,0x00000007d4600000,0x00000007df480000)
 ParOldGen       total 620544K, used 307122K [0x0000000700000000, 0x0000000725e00000, 0x00000007aab00000)
  object space 620544K, 49% used [0x0000000700000000,0x0000000712bec830,0x0000000725e00000)
 Metaspace       used 132451K, committed 135424K, reserved 983040K
  class space    used 17794K, committed 19200K, reserved 851968K
}
Event: 476.976 GC heap after
{Heap after GC invocations=30 (full 7):
 PSYoungGen      total 666624K, used 99427K [0x00000007aab00000, 0x00000007ded80000, 0x0000000800000000)
  eden space 495104K, 0% used [0x00000007aab00000,0x00000007aab00000,0x00000007c8e80000)
  from space 171520K, 57% used [0x00000007d4600000,0x00000007da718fa0,0x00000007ded80000)
  to   space 179712K, 0% used [0x00000007c8e80000,0x00000007c8e80000,0x00000007d3e00000)
 ParOldGen       total 620544K, used 307130K [0x0000000700000000, 0x0000000725e00000, 0x00000007aab00000)
  object space 620544K, 49% used [0x0000000700000000,0x0000000712bee830,0x0000000725e00000)
 Metaspace       used 132451K, committed 135424K, reserved 983040K
  class space    used 17794K, committed 19200K, reserved 851968K
}
Event: 761.295 GC heap before
{Heap before GC invocations=31 (full 7):
 PSYoungGen      total 666624K, used 594531K [0x00000007aab00000, 0x00000007ded80000, 0x0000000800000000)
  eden space 495104K, 100% used [0x00000007aab00000,0x00000007c8e80000,0x00000007c8e80000)
  from space 171520K, 57% used [0x00000007d4600000,0x00000007da718fa0,0x00000007ded80000)
  to   space 179712K, 0% used [0x00000007c8e80000,0x00000007c8e80000,0x00000007d3e00000)
 ParOldGen       total 620544K, used 307130K [0x0000000700000000, 0x0000000725e00000, 0x00000007aab00000)
  object space 620544K, 49% used [0x0000000700000000,0x0000000712bee830,0x0000000725e00000)
 Metaspace       used 144967K, committed 148096K, reserved 983040K
  class space    used 19344K, committed 20800K, reserved 851968K
}
Event: 763.314 GC heap after
{Heap after GC invocations=31 (full 7):
 PSYoungGen      total 674816K, used 61520K [0x00000007aab00000, 0x00000007e2f80000, 0x0000000800000000)
  eden space 495104K, 0% used [0x00000007aab00000,0x00000007aab00000,0x00000007c8e80000)
  from space 179712K, 34% used [0x00000007c8e80000,0x00000007cca941d8,0x00000007d3e00000)
  to   space 170496K, 0% used [0x00000007d8900000,0x00000007d8900000,0x00000007e2f80000)
 ParOldGen       total 620544K, used 372236K [0x0000000700000000, 0x0000000725e00000, 0x00000007aab00000)
  object space 620544K, 59% used [0x0000000700000000,0x0000000716b830f8,0x0000000725e00000)
 Metaspace       used 144967K, committed 148096K, reserved 983040K
  class space    used 19344K, committed 20800K, reserved 851968K
}
Event: 775.770 GC heap before
{Heap before GC invocations=32 (full 7):
 PSYoungGen      total 674816K, used 556624K [0x00000007aab00000, 0x00000007e2f80000, 0x0000000800000000)
  eden space 495104K, 100% used [0x00000007aab00000,0x00000007c8e80000,0x00000007c8e80000)
  from space 179712K, 34% used [0x00000007c8e80000,0x00000007cca941d8,0x00000007d3e00000)
  to   space 170496K, 0% used [0x00000007d8900000,0x00000007d8900000,0x00000007e2f80000)
 ParOldGen       total 620544K, used 372236K [0x0000000700000000, 0x0000000725e00000, 0x00000007aab00000)
  object space 620544K, 59% used [0x0000000700000000,0x0000000716b830f8,0x0000000725e00000)
 Metaspace       used 166431K, committed 169792K, reserved 1048576K
  class space    used 22494K, committed 24064K, reserved 851968K
}
Event: 775.807 GC heap after
{Heap after GC invocations=32 (full 7):
 PSYoungGen      total 699392K, used 103991K [0x00000007aab00000, 0x00000007e1880000, 0x0000000800000000)
  eden space 552448K, 0% used [0x00000007aab00000,0x00000007aab00000,0x00000007cc680000)
  from space 146944K, 70% used [0x00000007d8900000,0x00000007dee8dc50,0x00000007e1880000)
  to   space 173056K, 0% used [0x00000007cc680000,0x00000007cc680000,0x00000007d6f80000)
 ParOldGen       total 620544K, used 372244K [0x0000000700000000, 0x0000000725e00000, 0x00000007aab00000)
  object space 620544K, 59% used [0x0000000700000000,0x0000000716b850f8,0x0000000725e00000)
 Metaspace       used 166431K, committed 169792K, reserved 1048576K
  class space    used 22494K, committed 24064K, reserved 851968K
}
Event: 780.919 GC heap before
{Heap before GC invocations=33 (full 7):
 PSYoungGen      total 699392K, used 656439K [0x00000007aab00000, 0x00000007e1880000, 0x0000000800000000)
  eden space 552448K, 100% used [0x00000007aab00000,0x00000007cc680000,0x00000007cc680000)
  from space 146944K, 70% used [0x00000007d8900000,0x00000007dee8dc50,0x00000007e1880000)
  to   space 173056K, 0% used [0x00000007cc680000,0x00000007cc680000,0x00000007d6f80000)
 ParOldGen       total 620544K, used 372244K [0x0000000700000000, 0x0000000725e00000, 0x00000007aab00000)
  object space 620544K, 59% used [0x0000000700000000,0x0000000716b850f8,0x0000000725e00000)
 Metaspace       used 175672K, committed 179072K, reserved 1048576K
  class space    used 23605K, committed 25152K, reserved 851968K
}
Event: 782.155 GC heap after
{Heap after GC invocations=33 (full 7):
 PSYoungGen      total 725504K, used 147975K [0x00000007aab00000, 0x00000007e1880000, 0x0000000800000000)
  eden space 552448K, 0% used [0x00000007aab00000,0x00000007aab00000,0x00000007cc680000)
  from space 173056K, 85% used [0x00000007cc680000,0x00000007d5701f28,0x00000007d6f80000)
  to   space 146944K, 0% used [0x00000007d8900000,0x00000007d8900000,0x00000007e1880000)
 ParOldGen       total 620544K, used 372252K [0x0000000700000000, 0x0000000725e00000, 0x00000007aab00000)
  object space 620544K, 59% used [0x0000000700000000,0x0000000716b870f8,0x0000000725e00000)
 Metaspace       used 175672K, committed 179072K, reserved 1048576K
  class space    used 23605K, committed 25152K, reserved 851968K
}
Event: 796.495 GC heap before
{Heap before GC invocations=34 (full 7):
 PSYoungGen      total 725504K, used 260273K [0x00000007aab00000, 0x00000007e1880000, 0x0000000800000000)
  eden space 552448K, 20% used [0x00000007aab00000,0x00000007b18aa830,0x00000007cc680000)
  from space 173056K, 85% used [0x00000007cc680000,0x00000007d5701f28,0x00000007d6f80000)
  to   space 146944K, 0% used [0x00000007d8900000,0x00000007d8900000,0x00000007e1880000)
 ParOldGen       total 620544K, used 372252K [0x0000000700000000, 0x0000000725e00000, 0x00000007aab00000)
  object space 620544K, 59% used [0x0000000700000000,0x0000000716b870f8,0x0000000725e00000)
 Metaspace       used 185558K, committed 189120K, reserved 1048576K
  class space    used 24847K, committed 26496K, reserved 851968K
}
Event: 796.565 GC heap after
{Heap after GC invocations=34 (full 7):
 PSYoungGen      total 688128K, used 146932K [0x00000007aab00000, 0x00000007eaa80000, 0x0000000800000000)
  eden space 541184K, 0% used [0x00000007aab00000,0x00000007aab00000,0x00000007cbb80000)
  from space 146944K, 99% used [0x00000007d8900000,0x00000007e187d1e0,0x00000007e1880000)
  to   space 210432K, 0% used [0x00000007cbb80000,0x00000007cbb80000,0x00000007d8900000)
 ParOldGen       total 620544K, used 389004K [0x0000000700000000, 0x0000000725e00000, 0x00000007aab00000)
  object space 620544K, 62% used [0x0000000700000000,0x0000000717be3380,0x0000000725e00000)
 Metaspace       used 185558K, committed 189120K, reserved 1048576K
  class space    used 24847K, committed 26496K, reserved 851968K
}
Event: 796.565 GC heap before
{Heap before GC invocations=35 (full 8):
 PSYoungGen      total 688128K, used 146932K [0x00000007aab00000, 0x00000007eaa80000, 0x0000000800000000)
  eden space 541184K, 0% used [0x00000007aab00000,0x00000007aab00000,0x00000007cbb80000)
  from space 146944K, 99% used [0x00000007d8900000,0x00000007e187d1e0,0x00000007e1880000)
  to   space 210432K, 0% used [0x00000007cbb80000,0x00000007cbb80000,0x00000007d8900000)
 ParOldGen       total 620544K, used 389004K [0x0000000700000000, 0x0000000725e00000, 0x00000007aab00000)
  object space 620544K, 62% used [0x0000000700000000,0x0000000717be3380,0x0000000725e00000)
 Metaspace       used 185558K, committed 189120K, reserved 1048576K
  class space    used 24847K, committed 26496K, reserved 851968K
}
Event: 797.702 GC heap after
{Heap after GC invocations=35 (full 8):
 PSYoungGen      total 688128K, used 0K [0x00000007aab00000, 0x00000007eaa80000, 0x0000000800000000)
  eden space 541184K, 0% used [0x00000007aab00000,0x00000007aab00000,0x00000007cbb80000)
  from space 146944K, 0% used [0x00000007d8900000,0x00000007d8900000,0x00000007e1880000)
  to   space 210432K, 0% used [0x00000007cbb80000,0x00000007cbb80000,0x00000007d8900000)
 ParOldGen       total 620544K, used 259038K [0x0000000700000000, 0x0000000725e00000, 0x00000007aab00000)
  object space 620544K, 41% used [0x0000000700000000,0x000000070fcf7910,0x0000000725e00000)
 Metaspace       used 185507K, committed 189120K, reserved 1048576K
  class space    used 24834K, committed 26496K, reserved 851968K
}

