# JRE version: OpenJDK Runtime Environment Temurin-21.0.10+7 (21.0.10+7) (build 21.0.10+7-LTS)
# Java VM: OpenJDK 64-Bit Server VM Temurin-21.0.10+7 (21.0.10+7-LTS, mixed mode, sharing, tiered, compressed oops, compressed class ptrs, parallel gc, windows-amd64)
GC Precious Log:
 CardTable entry size: 512
 CPUs: 12 total, 12 available
 Memory: 16052M
 Large Page Support: Disabled
 NUMA Support: Disabled
 Compressed Oops: Enabled (32-bit)
 Alignments: Space 512K, Generation 512K, Heap 2M
 Heap Min Capacity: 100M
 Heap Initial Capacity: 100M
 Heap Max Capacity: 2G
 Pre-touch: Disabled
 Parallel Workers: 10
Heap:
 PSYoungGen      total 24064K, used 20890K [0x00000000d5580000, 0x00000000d7100000, 0x0000000100000000)
  eden space 22016K, 87% used [0x00000000d5580000,0x00000000d6838af0,0x00000000d6b00000)
  from space 2048K, 83% used [0x00000000d6e00000,0x00000000d6fae0b0,0x00000000d7000000)
  to   space 1024K, 0% used [0x00000000d7000000,0x00000000d7000000,0x00000000d7100000)
 ParOldGen       total 68608K, used 19514K [0x0000000080000000, 0x0000000084300000, 0x00000000d5580000)
  object space 68608K, 28% used [0x0000000080000000,0x000000008130e9b8,0x0000000084300000)
 Metaspace       used 32873K, committed 33856K, reserved 1114112K
  class space    used 3255K, committed 3648K, reserved 1048576K
GC Heap History (20 events):
Event: 32.436 GC heap before
{Heap before GC invocations=5 (full 0):
 PSYoungGen      total 29696K, used 29690K [0x00000000d5580000, 0x00000000d7680000, 0x0000000100000000)
  eden space 25600K, 100% used [0x00000000d5580000,0x00000000d6e80000,0x00000000d6e80000)
  from space 4096K, 99% used [0x00000000d7280000,0x00000000d767e890,0x00000000d7680000)
  to   space 4096K, 0% used [0x00000000d6e80000,0x00000000d6e80000,0x00000000d7280000)
 ParOldGen       total 68608K, used 5497K [0x0000000080000000, 0x0000000084300000, 0x00000000d5580000)
  object space 68608K, 8% used [0x0000000080000000,0x000000008055e758,0x0000000084300000)
 Metaspace       used 10485K, committed 10816K, reserved 1114112K
  class space    used 1076K, committed 1216K, reserved 1048576K
}
Event: 32.439 GC heap after
{Heap after GC invocations=5 (full 0):
 PSYoungGen      total 29184K, used 4065K [0x00000000d5580000, 0x00000000d7800000, 0x0000000100000000)
  eden space 25088K, 0% used [0x00000000d5580000,0x00000000d5580000,0x00000000d6e00000)
  from space 4096K, 99% used [0x00000000d6e80000,0x00000000d72787a0,0x00000000d7280000)
  to   space 5120K, 0% used [0x00000000d7300000,0x00000000d7300000,0x00000000d7800000)
 ParOldGen       total 68608K, used 5833K [0x0000000080000000, 0x0000000084300000, 0x00000000d5580000)
  object space 68608K, 8% used [0x0000000080000000,0x00000000805b2698,0x0000000084300000)
 Metaspace       used 10485K, committed 10816K, reserved 1114112K
  class space    used 1076K, committed 1216K, reserved 1048576K
}
Event: 33.146 GC heap before
{Heap before GC invocations=6 (full 0):
 PSYoungGen      total 29184K, used 29153K [0x00000000d5580000, 0x00000000d7800000, 0x0000000100000000)
  eden space 25088K, 100% used [0x00000000d5580000,0x00000000d6e00000,0x00000000d6e00000)
  from space 4096K, 99% used [0x00000000d6e80000,0x00000000d72787a0,0x00000000d7280000)
  to   space 5120K, 0% used [0x00000000d7300000,0x00000000d7300000,0x00000000d7800000)
 ParOldGen       total 68608K, used 5833K [0x0000000080000000, 0x0000000084300000, 0x00000000d5580000)
  object space 68608K, 8% used [0x0000000080000000,0x00000000805b2698,0x0000000084300000)
 Metaspace       used 14048K, committed 14528K, reserved 1114112K
  class space    used 1434K, committed 1664K, reserved 1048576K
}
Event: 33.150 GC heap after
{Heap after GC invocations=6 (full 0):
 PSYoungGen      total 29184K, used 5097K [0x00000000d5580000, 0x00000000d7980000, 0x0000000100000000)
  eden space 24064K, 0% used [0x00000000d5580000,0x00000000d5580000,0x00000000d6d00000)
  from space 5120K, 99% used [0x00000000d7300000,0x00000000d77fa430,0x00000000d7800000)
  to   space 6144K, 0% used [0x00000000d6d00000,0x00000000d6d00000,0x00000000d7300000)
 ParOldGen       total 68608K, used 6433K [0x0000000080000000, 0x0000000084300000, 0x00000000d5580000)
  object space 68608K, 9% used [0x0000000080000000,0x00000000806486a8,0x0000000084300000)
 Metaspace       used 14048K, committed 14528K, reserved 1114112K
  class space    used 1434K, committed 1664K, reserved 1048576K
}
Event: 34.068 GC heap before
{Heap before GC invocations=7 (full 0):
 PSYoungGen      total 29184K, used 29161K [0x00000000d5580000, 0x00000000d7980000, 0x0000000100000000)
  eden space 24064K, 100% used [0x00000000d5580000,0x00000000d6d00000,0x00000000d6d00000)
  from space 5120K, 99% used [0x00000000d7300000,0x00000000d77fa430,0x00000000d7800000)
  to   space 6144K, 0% used [0x00000000d6d00000,0x00000000d6d00000,0x00000000d7300000)
 ParOldGen       total 68608K, used 6433K [0x0000000080000000, 0x0000000084300000, 0x00000000d5580000)
  object space 68608K, 9% used [0x0000000080000000,0x00000000806486a8,0x0000000084300000)
 Metaspace       used 16934K, committed 17600K, reserved 1114112K
  class space    used 1712K, committed 1984K, reserved 1048576K
}
Event: 34.072 GC heap after
{Heap after GC invocations=7 (full 0):
 PSYoungGen      total 29696K, used 6122K [0x00000000d5580000, 0x00000000d8180000, 0x0000000100000000)
  eden space 23552K, 0% used [0x00000000d5580000,0x00000000d5580000,0x00000000d6c80000)
  from space 6144K, 99% used [0x00000000d6d00000,0x00000000d72fa988,0x00000000d7300000)
  to   space 10752K, 0% used [0x00000000d7700000,0x00000000d7700000,0x00000000d8180000)
 ParOldGen       total 68608K, used 9949K [0x0000000080000000, 0x0000000084300000, 0x00000000d5580000)
  object space 68608K, 14% used [0x0000000080000000,0x00000000809b7688,0x0000000084300000)
 Metaspace       used 16934K, committed 17600K, reserved 1114112K
  class space    used 1712K, committed 1984K, reserved 1048576K
}
Event: 35.596 GC heap before
{Heap before GC invocations=8 (full 0):
 PSYoungGen      total 29696K, used 29674K [0x00000000d5580000, 0x00000000d8180000, 0x0000000100000000)
  eden space 23552K, 100% used [0x00000000d5580000,0x00000000d6c80000,0x00000000d6c80000)
  from space 6144K, 99% used [0x00000000d6d00000,0x00000000d72fa988,0x00000000d7300000)
  to   space 10752K, 0% used [0x00000000d7700000,0x00000000d7700000,0x00000000d8180000)
 ParOldGen       total 68608K, used 9949K [0x0000000080000000, 0x0000000084300000, 0x00000000d5580000)
  object space 68608K, 14% used [0x0000000080000000,0x00000000809b7688,0x0000000084300000)
 Metaspace       used 19520K, committed 20352K, reserved 1114112K
  class space    used 1991K, committed 2368K, reserved 1048576K
}
Event: 35.600 GC heap after
{Heap after GC invocations=8 (full 0):
 PSYoungGen      total 29696K, used 6635K [0x00000000d5580000, 0x00000000d7d80000, 0x0000000100000000)
  eden space 23040K, 0% used [0x00000000d5580000,0x00000000d5580000,0x00000000d6c00000)
  from space 6656K, 99% used [0x00000000d7700000,0x00000000d7d7ae60,0x00000000d7d80000)
  to   space 8192K, 0% used [0x00000000d6d80000,0x00000000d6d80000,0x00000000d7580000)
 ParOldGen       total 68608K, used 10644K [0x0000000080000000, 0x0000000084300000, 0x00000000d5580000)
  object space 68608K, 15% used [0x0000000080000000,0x0000000080a65100,0x0000000084300000)
 Metaspace       used 19520K, committed 20352K, reserved 1114112K
  class space    used 1991K, committed 2368K, reserved 1048576K
}
Event: 35.869 GC heap before
{Heap before GC invocations=9 (full 0):
 PSYoungGen      total 29696K, used 20793K [0x00000000d5580000, 0x00000000d7d80000, 0x0000000100000000)
  eden space 23040K, 61% used [0x00000000d5580000,0x00000000d6353620,0x00000000d6c00000)
  from space 6656K, 99% used [0x00000000d7700000,0x00000000d7d7ae60,0x00000000d7d80000)
  to   space 8192K, 0% used [0x00000000d6d80000,0x00000000d6d80000,0x00000000d7580000)
 ParOldGen       total 68608K, used 10644K [0x0000000080000000, 0x0000000084300000, 0x00000000d5580000)
  object space 68608K, 15% used [0x0000000080000000,0x0000000080a65100,0x0000000084300000)
 Metaspace       used 20637K, committed 21504K, reserved 1114112K
  class space    used 2115K, committed 2496K, reserved 1048576K
}
Event: 35.873 GC heap after
{Heap after GC invocations=9 (full 0):
 PSYoungGen      total 28160K, used 5119K [0x00000000d5580000, 0x00000000d7800000, 0x0000000100000000)
  eden space 23040K, 0% used [0x00000000d5580000,0x00000000d5580000,0x00000000d6c00000)
  from space 5120K, 99% used [0x00000000d6d80000,0x00000000d727ff48,0x00000000d7280000)
  to   space 5632K, 0% used [0x00000000d7280000,0x00000000d7280000,0x00000000d7800000)
 ParOldGen       total 68608K, used 12330K [0x0000000080000000, 0x0000000084300000, 0x00000000d5580000)
  object space 68608K, 17% used [0x0000000080000000,0x0000000080c0ab50,0x0000000084300000)
 Metaspace       used 20637K, committed 21504K, reserved 1114112K
  class space    used 2115K, committed 2496K, reserved 1048576K
}
Event: 35.873 GC heap before
{Heap before GC invocations=10 (full 1):
 PSYoungGen      total 28160K, used 5119K [0x00000000d5580000, 0x00000000d7800000, 0x0000000100000000)
  eden space 23040K, 0% used [0x00000000d5580000,0x00000000d5580000,0x00000000d6c00000)
  from space 5120K, 99% used [0x00000000d6d80000,0x00000000d727ff48,0x00000000d7280000)
  to   space 5632K, 0% used [0x00000000d7280000,0x00000000d7280000,0x00000000d7800000)
 ParOldGen       total 68608K, used 12330K [0x0000000080000000, 0x0000000084300000, 0x00000000d5580000)
  object space 68608K, 17% used [0x0000000080000000,0x0000000080c0ab50,0x0000000084300000)
 Metaspace       used 20637K, committed 21504K, reserved 1114112K
  class space    used 2115K, committed 2496K, reserved 1048576K
}
Event: 35.909 GC heap after
{Heap after GC invocations=10 (full 1):
 PSYoungGen      total 28160K, used 0K [0x00000000d5580000, 0x00000000d7800000, 0x0000000100000000)
  eden space 23040K, 0% used [0x00000000d5580000,0x00000000d5580000,0x00000000d6c00000)
  from space 5120K, 0% used [0x00000000d6d80000,0x00000000d6d80000,0x00000000d7280000)
  to   space 5632K, 0% used [0x00000000d7280000,0x00000000d7280000,0x00000000d7800000)
 ParOldGen       total 68608K, used 16689K [0x0000000080000000, 0x0000000084300000, 0x00000000d5580000)
  object space 68608K, 24% used [0x0000000080000000,0x000000008104c610,0x0000000084300000)
 Metaspace       used 20625K, committed 21504K, reserved 1114112K
  class space    used 2111K, committed 2496K, reserved 1048576K
}
Event: 36.271 GC heap before
{Heap before GC invocations=11 (full 1):
 PSYoungGen      total 28160K, used 23040K [0x00000000d5580000, 0x00000000d7800000, 0x0000000100000000)
  eden space 23040K, 100% used [0x00000000d5580000,0x00000000d6c00000,0x00000000d6c00000)
  from space 5120K, 0% used [0x00000000d6d80000,0x00000000d6d80000,0x00000000d7280000)
  to   space 5632K, 0% used [0x00000000d7280000,0x00000000d7280000,0x00000000d7800000)
 ParOldGen       total 68608K, used 16689K [0x0000000080000000, 0x0000000084300000, 0x00000000d5580000)
  object space 68608K, 24% used [0x0000000080000000,0x000000008104c610,0x0000000084300000)
 Metaspace       used 22861K, committed 23744K, reserved 1114112K
  class space    used 2324K, committed 2688K, reserved 1048576K
}
Event: 36.274 GC heap after
{Heap after GC invocations=11 (full 1):
 PSYoungGen      total 25088K, used 2060K [0x00000000d5580000, 0x00000000d7500000, 0x0000000100000000)
  eden space 22528K, 0% used [0x00000000d5580000,0x00000000d5580000,0x00000000d6b80000)
  from space 2560K, 80% used [0x00000000d7280000,0x00000000d74831f0,0x00000000d7500000)
  to   space 3584K, 0% used [0x00000000d6e00000,0x00000000d6e00000,0x00000000d7180000)
 ParOldGen       total 68608K, used 16697K [0x0000000080000000, 0x0000000084300000, 0x00000000d5580000)
  object space 68608K, 24% used [0x0000000080000000,0x000000008104e610,0x0000000084300000)
 Metaspace       used 22861K, committed 23744K, reserved 1114112K
  class space    used 2324K, committed 2688K, reserved 1048576K
}
Event: 36.591 GC heap before
{Heap before GC invocations=12 (full 1):
 PSYoungGen      total 25088K, used 24454K [0x00000000d5580000, 0x00000000d7500000, 0x0000000100000000)
  eden space 22528K, 99% used [0x00000000d5580000,0x00000000d6b5e638,0x00000000d6b80000)
  from space 2560K, 80% used [0x00000000d7280000,0x00000000d74831f0,0x00000000d7500000)
  to   space 3584K, 0% used [0x00000000d6e00000,0x00000000d6e00000,0x00000000d7180000)
 ParOldGen       total 68608K, used 16697K [0x0000000080000000, 0x0000000084300000, 0x00000000d5580000)
  object space 68608K, 24% used [0x0000000080000000,0x000000008104e610,0x0000000084300000)
 Metaspace       used 26160K, committed 27008K, reserved 1114112K
  class space    used 2569K, committed 2944K, reserved 1048576K
}
Event: 36.592 GC heap after
{Heap after GC invocations=12 (full 1):
 PSYoungGen      total 24576K, used 2106K [0x00000000d5580000, 0x00000000d7300000, 0x0000000100000000)
  eden space 22016K, 0% used [0x00000000d5580000,0x00000000d5580000,0x00000000d6b00000)
  from space 2560K, 82% used [0x00000000d6e00000,0x00000000d700e9d0,0x00000000d7080000)
  to   space 2560K, 0% used [0x00000000d7080000,0x00000000d7080000,0x00000000d7300000)
 ParOldGen       total 68608K, used 17485K [0x0000000080000000, 0x0000000084300000, 0x00000000d5580000)
  object space 68608K, 25% used [0x0000000080000000,0x00000000811135e0,0x0000000084300000)
 Metaspace       used 26160K, committed 27008K, reserved 1114112K
  class space    used 2569K, committed 2944K, reserved 1048576K
}
Event: 36.904 GC heap before
{Heap before GC invocations=13 (full 1):
 PSYoungGen      total 24576K, used 24122K [0x00000000d5580000, 0x00000000d7300000, 0x0000000100000000)
  eden space 22016K, 100% used [0x00000000d5580000,0x00000000d6b00000,0x00000000d6b00000)
  from space 2560K, 82% used [0x00000000d6e00000,0x00000000d700e9d0,0x00000000d7080000)
  to   space 2560K, 0% used [0x00000000d7080000,0x00000000d7080000,0x00000000d7300000)
 ParOldGen       total 68608K, used 17485K [0x0000000080000000, 0x0000000084300000, 0x00000000d5580000)
  object space 68608K, 25% used [0x0000000080000000,0x00000000811135e0,0x0000000084300000)
 Metaspace       used 27571K, committed 28416K, reserved 1114112K
  class space    used 2655K, committed 3008K, reserved 1048576K
}
Event: 36.906 GC heap after
{Heap after GC invocations=13 (full 1):
 PSYoungGen      total 24576K, used 2334K [0x00000000d5580000, 0x00000000d7300000, 0x0000000100000000)
  eden space 22016K, 0% used [0x00000000d5580000,0x00000000d5580000,0x00000000d6b00000)
  from space 2560K, 91% used [0x00000000d7080000,0x00000000d72c7888,0x00000000d7300000)
  to   space 2560K, 0% used [0x00000000d6e00000,0x00000000d6e00000,0x00000000d7080000)
 ParOldGen       total 68608K, used 17657K [0x0000000080000000, 0x0000000084300000, 0x00000000d5580000)
  object space 68608K, 25% used [0x0000000080000000,0x000000008113e6c8,0x0000000084300000)
 Metaspace       used 27571K, committed 28416K, reserved 1114112K
  class space    used 2655K, committed 3008K, reserved 1048576K
}
Event: 37.582 GC heap before
{Heap before GC invocations=14 (full 1):
 PSYoungGen      total 24576K, used 24350K [0x00000000d5580000, 0x00000000d7300000, 0x0000000100000000)
  eden space 22016K, 100% used [0x00000000d5580000,0x00000000d6b00000,0x00000000d6b00000)
  from space 2560K, 91% used [0x00000000d7080000,0x00000000d72c7888,0x00000000d7300000)
  to   space 2560K, 0% used [0x00000000d6e00000,0x00000000d6e00000,0x00000000d7080000)
 ParOldGen       total 68608K, used 17657K [0x0000000080000000, 0x0000000084300000, 0x00000000d5580000)
  object space 68608K, 25% used [0x0000000080000000,0x000000008113e6c8,0x0000000084300000)
 Metaspace       used 30903K, committed 31936K, reserved 1114112K
  class space    used 2999K, committed 3456K, reserved 1048576K
}
Event: 37.585 GC heap after
{Heap after GC invocations=14 (full 1):
 PSYoungGen      total 24064K, used 1720K [0x00000000d5580000, 0x00000000d7100000, 0x0000000100000000)
  eden space 22016K, 0% used [0x00000000d5580000,0x00000000d5580000,0x00000000d6b00000)
  from space 2048K, 83% used [0x00000000d6e00000,0x00000000d6fae0b0,0x00000000d7000000)
  to   space 1024K, 0% used [0x00000000d7000000,0x00000000d7000000,0x00000000d7100000)
 ParOldGen       total 68608K, used 19514K [0x0000000080000000, 0x0000000084300000, 0x00000000d5580000)
  object space 68608K, 28% used [0x0000000080000000,0x000000008130e9b8,0x0000000084300000)
 Metaspace       used 30903K, committed 31936K, reserved 1114112K
  class space    used 2999K, committed 3456K, reserved 1048576K
}

